<?xml version="1.0" encoding="UTF-8"?>
<!-- Generated by org.testng.reporters.JUnitReportReporter -->
<testsuite hostname="U6035997-TPL-A" name="testcase.loginTest" tests="1" failures="0" timestamp="16 Aug 2017 13:25:50 GMT" time="17.557" errors="0">
  <testcase name="TestValidSignIn" time="17.557" classname="testcase.loginTest"/>
</testsuite> <!-- testcase.loginTest -->
