<?xml version="1.0" encoding="UTF-8"?>
<!-- Generated by org.testng.reporters.JUnitReportReporter -->
<testsuite hostname="TP5VDIDEVTCM623" name="testcase.ChangeReport" tests="1" failures="0" timestamp="18 Jan 2019 11:21:00 GMT" time="89.833" errors="0">
  <testcase name="testCreateChnageRequest" time="89.833" classname="testcase.ChangeReport"/>
</testsuite> <!-- testcase.ChangeReport -->
